[debug] [2023-06-12T21:41:34.231Z] ----------------------------------------------------------------------
[debug] [2023-06-12T21:41:34.248Z] Command:       C:\Program Files\nodejs\node.exe C:\Users\HAPPY\AppData\Roaming\npm\node_modules\firebase-tools\lib\bin\firebase.js init
[debug] [2023-06-12T21:41:34.249Z] CLI Version:   12.0.0
[debug] [2023-06-12T21:41:34.250Z] Platform:      win32
[debug] [2023-06-12T21:41:34.251Z] Node Version:  v19.9.0
[debug] [2023-06-12T21:41:34.251Z] Time:          Tue Jun 13 2023 00:41:34 GMT+0300 (East Africa Time)
[debug] [2023-06-12T21:41:34.252Z] ----------------------------------------------------------------------
[debug] 
[debug] [2023-06-12T21:41:34.451Z] > command requires scopes: ["email","openid","https://www.googleapis.com/auth/cloudplatformprojects.readonly","https://www.googleapis.com/auth/firebase","https://www.googleapis.com/auth/cloud-platform"]
[debug] [2023-06-12T21:41:34.453Z] > authorizing via signed-in user (tamiseneyia11@gmail.com)
[info] 
     ######## #### ########  ######## ########     ###     ######  ########
     ##        ##  ##     ## ##       ##     ##  ##   ##  ##       ##
     ######    ##  ########  ######   ########  #########  ######  ######
     ##        ##  ##    ##  ##       ##     ## ##     ##       ## ##
     ##       #### ##     ## ######## ########  ##     ##  ######  ########

You're about to initialize a Firebase project in this directory:

  C:\Users\HAPPY\OneDrive\Desktop\react-project\health-app

Before we get started, keep in mind:

  * You are initializing within an existing Firebase project directory

